--- Startup times for process: Primary/TUI ---

times in msec
 clock   self+sourced   self:  sourced script
 clock   elapsed:              other lines

000.003  000.003: --- NVIM STARTING ---
000.050  000.047: event init
000.135  000.085: early init
007.800  007.665: locale set
007.835  000.036: init first window
008.348  000.513: inits 1
008.412  000.064: window checked
008.538  000.126: parsing arguments
009.275  000.241  000.241: require('vim.shared')
009.680  000.136  000.136: require('vim.inspect')
009.904  000.214  000.214: require('vim._options')
009.907  000.626  000.275: require('vim._editor')
009.909  000.949  000.081: require('vim._init_packages')
009.918  000.431: init lua interpreter
011.624  001.706: --- NVIM STARTED ---

--- Startup times for process: Embedded ---

times in msec
 clock   self+sourced   self:  sourced script
 clock   elapsed:              other lines

000.002  000.002: --- NVIM STARTING ---
000.033  000.031: event init
000.104  000.070: early init
007.420  007.316: locale set
007.443  000.023: init first window
007.757  000.314: inits 1
007.786  000.029: window checked
007.883  000.097: parsing arguments
008.530  000.216  000.216: require('vim.shared')
008.917  000.126  000.126: require('vim.inspect')
009.146  000.218  000.218: require('vim._options')
009.149  000.613  000.269: require('vim._editor')
009.151  000.910  000.081: require('vim._init_packages')
009.159  000.365: init lua interpreter
009.298  000.139: expanding arguments
009.313  000.015: inits 2
009.795  000.482: init highlight
009.797  000.002: waiting for UI
009.908  000.111: done waiting for UI
009.913  000.005: clear screen
010.146  000.029  000.029: require('vim.keymap')
011.361  000.846  000.846: require('vim.termcap')
011.527  000.142  000.142: require('vim.text')
020.368  010.451  009.434: require('vim._defaults')
020.373  000.009: init default mappings & autocommands
020.594  000.075  000.075: sourcing C:\Tools\neovim\nvim-win64\share\nvim\runtime\ftplugin.vim
020.804  000.044  000.044: sourcing C:\Tools\neovim\nvim-win64\share\nvim\runtime\indent.vim
021.984  000.773  000.773: require('lazy')
022.017  000.010  000.010: require('ffi')
022.368  000.173  000.173: require('vim.fs')
022.607  000.233  000.233: require('vim.uri')
022.622  000.602  000.196: require('vim.loader')
022.994  000.292  000.292: require('lazy.stats')
023.318  000.166  000.166: require('lazy.core.util')
023.558  000.233  000.233: require('lazy.core.config')
023.870  000.160  000.160: require('lazy.core.handler')
024.263  000.121  000.121: require('lazy.pkg')
024.269  000.262  000.141: require('lazy.core.meta')
024.274  000.399  000.137: require('lazy.core.plugin')
024.279  000.717  000.158: require('lazy.core.loader')
024.667  000.111  000.111: require('lazy.core.fragments')
029.846  000.138  000.138: require('lazy.core.handler.cmd')
030.070  000.113  000.113: require('lazy.core.handler.event')
030.076  000.224  000.111: require('lazy.core.handler.ft')
030.303  000.223  000.223: require('lazy.core.handler.keys')
031.485  000.547  000.547: sourcing C:\Tools\neovim\nvim-win64\share/nvim/runtime/filetype.lua
032.550  000.137  000.137: require('tokyonight.config')
032.556  000.910  000.773: require('tokyonight')
033.410  000.046  000.046: sourcing C:/Users/jando/AppData/Local/nvim-data/lazy/nvim-web-devicons/plugin/nvim-web-devicons.vim
034.456  000.773  000.773: require('snacks')
034.462  000.865  000.092: sourcing C:/Users/jando/AppData/Local/nvim-data/lazy/snacks.nvim/plugin/snacks.lua
035.444  000.683  000.683: require('colorful-menu')
036.409  000.078  000.078: sourcing C:/Users/jando/AppData/Local/nvim-data/lazy/plenary.nvim/plugin/plenary.vim
037.979  000.216  000.216: sourcing C:/Users/jando/AppData/Local/nvim-data/lazy/telescope.nvim/plugin/telescope.lua
039.493  000.230  000.230: require('telescope._extensions')
039.501  001.473  001.243: require('telescope')
039.966  000.289  000.289: require('fzf_lib')
040.859  000.133  000.133: require('plenary.bit')
041.005  000.140  000.140: require('plenary.functional')
041.023  000.449  000.176: require('plenary.path')
041.132  000.024  000.024: require('vim.F')
041.153  000.734  000.261: require('plenary.log')
041.176  000.971  000.237: require('telescope.log')
041.965  000.213  000.213: require('plenary.compat')
041.974  000.481  000.268: require('plenary.job')
042.091  000.114  000.114: require('plenary.strings')
042.272  000.176  000.176: require('telescope.state')
042.312  001.133  000.362: require('telescope.utils')
042.317  002.345  000.241: require('telescope.sorters')
042.321  002.817  000.183: require('telescope._extensions.fzf')
042.653  000.146  000.146: require('telescope.deprecated')
043.546  001.223  001.077: require('telescope.config')
043.991  000.189  000.189: require('telescope.builtin')
044.092  000.094  000.094: require('telescope._extensions.zoxide.utils')
044.098  000.417  000.134: require('telescope._extensions.zoxide.config')
044.668  000.113  000.113: require('plenary.window.border')
044.804  000.131  000.131: require('plenary.window')
044.894  000.085  000.085: require('plenary.popup.utils')
044.901  000.492  000.164: require('plenary.popup')
045.124  000.221  000.221: require('telescope.pickers.scroller')
045.305  000.175  000.175: require('telescope.actions.state')
045.471  000.160  000.160: require('telescope.actions.utils')
045.785  000.154  000.154: require('telescope.actions.mt')
045.801  000.326  000.172: require('telescope.actions.set')
046.145  000.172  000.172: require('telescope.config.resolve')
046.151  000.347  000.176: require('telescope.pickers.entry_display')
046.308  000.154  000.154: require('telescope.from_entry')
046.465  002.273  000.397: require('telescope.actions')
046.888  000.246  000.246: require('telescope.make_entry')
047.622  000.104  000.104: require('plenary.tbl')
047.630  000.207  000.103: require('plenary.vararg.rotate')
047.633  000.322  000.114: require('plenary.vararg')
047.725  000.090  000.090: require('plenary.errors')
047.732  000.519  000.107: require('plenary.async.async')
048.275  000.156  000.156: require('plenary.async.structs')
048.292  000.318  000.162: require('plenary.async.control')
048.301  000.444  000.126: require('plenary.async.util')
048.308  000.573  000.128: require('plenary.async.tests')
048.310  001.223  000.132: require('plenary.async')
048.313  001.420  000.197: require('telescope.finders.async_static_finder')
048.817  000.083  000.083: require('plenary.class')
048.828  000.279  000.197: require('telescope._')
048.831  000.515  000.236: require('telescope.finders.async_oneshot_finder')
048.980  000.147  000.147: require('telescope.finders.async_job_finder')
048.987  002.519  000.191: require('telescope.finders')
049.358  000.155  000.155: require('telescope.debounce')
049.528  000.164  000.164: require('telescope.mappings')
049.688  000.155  000.155: require('telescope.pickers.highlights')
049.837  000.145  000.145: require('telescope.pickers.window')
050.164  000.160  000.160: require('telescope.algos.linked_list')
050.171  000.329  000.169: require('telescope.entry_manager')
050.329  000.156  000.156: require('telescope.pickers.multi')
050.340  001.351  000.248: require('telescope.pickers')
050.343  006.243  000.101: require('telescope._extensions.zoxide.list')
050.346  006.793  000.132: require('telescope._extensions.zoxide')
051.406  000.190  000.190: sourcing C:/Users/jando/AppData/Local/nvim-data/lazy/vim-startuptime/plugin/startuptime.vim
051.717  000.102  000.102: sourcing C:\Users\jando\AppData\Local\nvim/plugin/floating_term.lua
055.720  000.103  000.103: require('tokyonight.util')
055.726  000.207  000.104: require('tokyonight.theme')
055.902  000.128  000.128: require('tokyonight.colors')
056.230  000.097  000.097: require('tokyonight.hsluv')
056.496  000.154  000.154: require('tokyonight.groups')
057.190  001.785  001.199: sourcing C:\Users\jando\AppData\Local\nvim-data\lazy\tokyonight.nvim\colors\tokyonight.lua
057.209  005.374  003.590: sourcing C:\Users\jando\AppData\Local\nvim/plugin/random_colorscheme.lua
057.546  000.099  000.099: sourcing C:\Tools\neovim\nvim-win64\share/nvim/runtime/plugin/editorconfig.lua
057.930  000.249  000.249: sourcing C:\Tools\neovim\nvim-win64\share/nvim/runtime/plugin/gzip.vim
058.148  000.100  000.100: sourcing C:\Tools\neovim\nvim-win64\share/nvim/runtime/plugin/man.lua
059.597  000.339  000.339: sourcing C:\Tools\neovim\nvim-win64\share\nvim\runtime\pack\dist\opt\matchit\plugin\matchit.vim
059.644  001.349  001.010: sourcing C:\Tools\neovim\nvim-win64\share/nvim/runtime/plugin/matchit.vim
059.921  000.159  000.159: sourcing C:\Tools\neovim\nvim-win64\share/nvim/runtime/plugin/matchparen.vim
060.442  000.392  000.392: sourcing C:\Tools\neovim\nvim-win64\share/nvim/runtime/plugin/netrwPlugin.vim
060.675  000.097  000.097: sourcing C:\Tools\neovim\nvim-win64\share/nvim/runtime/plugin/osc52.lua
061.139  000.327  000.327: sourcing C:\Tools\neovim\nvim-win64\share/nvim/runtime/plugin/rplugin.vim
061.399  000.077  000.077: sourcing C:\Tools\neovim\nvim-win64\share/nvim/runtime/plugin/shada.vim
061.586  000.040  000.040: sourcing C:\Tools\neovim\nvim-win64\share/nvim/runtime/plugin/spellfile.vim
061.860  000.121  000.121: sourcing C:\Tools\neovim\nvim-win64\share/nvim/runtime/plugin/tarPlugin.vim
062.094  000.092  000.092: sourcing C:\Tools\neovim\nvim-win64\share/nvim/runtime/plugin/tohtml.lua
062.258  000.040  000.040: sourcing C:\Tools\neovim\nvim-win64\share/nvim/runtime/plugin/tutor.vim
062.525  000.138  000.138: sourcing C:\Tools\neovim\nvim-win64\share/nvim/runtime/plugin/zipPlugin.vim
062.614  041.552  013.470: require('lazy.init')
062.763  000.145  000.145: require('lazy.set')
063.308  000.161  000.161: require('vim.lsp.log')
063.627  000.313  000.313: require('vim.lsp.protocol')
064.127  000.272  000.272: require('vim.lsp._snippet_grammar')
064.249  000.116  000.116: require('vim.highlight')
064.268  000.635  000.246: require('vim.lsp.util')
064.500  000.110  000.110: require('vim.lsp.sync')
064.510  000.238  000.129: require('vim.lsp._changetracking')
064.673  000.160  000.160: require('vim.lsp.rpc')
064.725  001.748  000.240: require('vim.lsp')
064.903  000.174  000.174: require('vim.lsp.buf')
064.943  002.175  000.253: require('lazy.remap')
065.263  044.249  000.377: sourcing C:\Users\jando\AppData\Local\nvim\init.lua
065.307  000.566: sourcing vimrc file(s)
066.382  000.093  000.093: sourcing C:\Tools\neovim\nvim-win64\share\nvim\runtime\filetype.lua
067.181  000.076  000.076: sourcing C:\Tools\neovim\nvim-win64\share\nvim\runtime\syntax\synload.vim
067.873  001.090  001.014: sourcing C:\Tools\neovim\nvim-win64\share/nvim/runtime/syntax/syntax.vim
067.908  001.417: inits 3
069.663  001.755: reading ShaDa
069.910  000.247: opening buffers
070.005  000.095: BufEnter autocommands
070.009  000.004: editing files in windows
071.742  000.417  000.417: require('lualine_require')
072.660  002.264  001.847: require('lualine')
074.274  000.205  000.205: require('lualine.themes._tokyonight')
086.020  000.105  000.105: require('lualine.utils.mode')
135.797  047.688  047.688: sourcing C:\Tools\neovim\nvim-win64\share\nvim\runtime\autoload\netrw.vim
136.375  000.038  000.038: sourcing C:\Users\jando\AppData\Local\nvim-data/.netrwhist
138.602  000.955  000.955: require('vim.filetype')
139.196  000.195  000.195: require('vim.filetype.detect')
145.436  001.419  001.419: sourcing C:\Tools\neovim\nvim-win64\share\nvim\runtime\syntax\netrw.vim
149.857  001.428  001.428: sourcing C:\Tools\neovim\nvim-win64\share\nvim\runtime\syntax\netrw.vim
159.895  001.363  001.363: sourcing C:\Tools\neovim\nvim-win64\share\nvim\runtime\syntax\netrw.vim
160.106  034.437: VimEnter autocommands
160.644  000.121  000.121: require('snacks.util')
160.673  000.373  000.252: require('snacks.dashboard')
160.835  000.157  000.157: require('snacks.scroll')
160.996  000.142  000.142: require('snacks.animate')
161.356  000.111  000.111: require('vim.ui')
161.362  000.300  000.189: require('snacks.input')
161.468  000.389: UIEnter autocommands
162.087  000.619: before starting main loop
162.818  000.181  000.181: require('snacks.statuscolumn')
163.530  001.262: first screen update
163.534  000.004: --- NVIM STARTED ---

--- Startup times for process: Primary/TUI ---

times in msec
 clock   self+sourced   self:  sourced script
 clock   elapsed:              other lines

000.005  000.005: --- NVIM STARTING ---
000.049  000.044: event init
000.138  000.089: early init
007.431  007.293: locale set
007.474  000.043: init first window
007.971  000.497: inits 1
008.024  000.053: window checked
008.134  000.110: parsing arguments
008.848  000.238  000.238: require('vim.shared')
009.247  000.129  000.129: require('vim.inspect')
009.470  000.212  000.212: require('vim._options')
009.473  000.619  000.277: require('vim._editor')
009.476  000.939  000.082: require('vim._init_packages')
009.484  000.410: init lua interpreter
011.145  001.661: --- NVIM STARTED ---

--- Startup times for process: Embedded ---

times in msec
 clock   self+sourced   self:  sourced script
 clock   elapsed:              other lines

000.003  000.003: --- NVIM STARTING ---
000.035  000.032: event init
000.111  000.076: early init
007.338  007.228: locale set
007.359  000.021: init first window
007.678  000.319: inits 1
007.707  000.029: window checked
007.801  000.094: parsing arguments
008.422  000.214  000.214: require('vim.shared')
008.813  000.127  000.127: require('vim.inspect')
009.037  000.213  000.213: require('vim._options')
009.040  000.612  000.271: require('vim._editor')
009.042  000.902  000.076: require('vim._init_packages')
009.050  000.347: init lua interpreter
009.182  000.133: expanding arguments
009.196  000.014: inits 2
009.678  000.481: init highlight
009.679  000.002: waiting for UI
009.791  000.112: done waiting for UI
009.796  000.005: clear screen
010.027  000.028  000.028: require('vim.keymap')
011.289  000.834  000.834: require('vim.termcap')
011.429  000.123  000.123: require('vim.text')
022.032  012.233  011.248: require('vim._defaults')
022.038  000.008: init default mappings & autocommands
022.040  000.002: sourcing vimrc file(s)
022.066  000.026: inits 3
024.085  002.019: reading ShaDa
024.209  000.124: opening buffers
024.213  000.004: BufEnter autocommands
024.216  000.003: editing files in windows
024.221  000.005: VimEnter autocommands
024.224  000.002: UIEnter autocommands
024.839  000.615: before starting main loop
025.495  000.657: first screen update
025.500  000.005: --- NVIM STARTED ---

--- Startup times for process: Primary/TUI ---

times in msec
 clock   self+sourced   self:  sourced script
 clock   elapsed:              other lines

000.004  000.004: --- NVIM STARTING ---
000.049  000.045: event init
000.144  000.095: early init
007.417  007.274: locale set
007.454  000.037: init first window
007.929  000.474: inits 1
007.983  000.055: window checked
007.990  000.007: parsing arguments
008.694  000.229  000.229: require('vim.shared')
009.083  000.126  000.126: require('vim.inspect')
009.311  000.217  000.217: require('vim._options')
009.314  000.614  000.271: require('vim._editor')
009.316  000.925  000.082: require('vim._init_packages')
009.324  000.409: init lua interpreter
011.004  001.679: --- NVIM STARTED ---

--- Startup times for process: Embedded ---

times in msec
 clock   self+sourced   self:  sourced script
 clock   elapsed:              other lines

000.003  000.003: --- NVIM STARTING ---
000.034  000.032: event init
000.101  000.067: early init
007.452  007.351: locale set
007.474  000.022: init first window
007.785  000.311: inits 1
007.816  000.031: window checked
007.822  000.005: parsing arguments
008.443  000.217  000.217: require('vim.shared')
008.840  000.126  000.126: require('vim.inspect')
009.057  000.207  000.207: require('vim._options')
009.060  000.612  000.279: require('vim._editor')
009.062  000.900  000.071: require('vim._init_packages')
009.070  000.349: init lua interpreter
009.203  000.133: expanding arguments
009.221  000.018: inits 2
009.707  000.486: init highlight
009.709  000.002: waiting for UI
009.824  000.115: done waiting for UI
009.829  000.006: clear screen
010.060  000.027  000.027: require('vim.keymap')
011.307  000.833  000.833: require('vim.termcap')
011.443  000.120  000.120: require('vim.text')
021.673  011.840  010.860: require('vim._defaults')
021.678  000.008: init default mappings & autocommands
021.680  000.002: sourcing vimrc file(s)
021.707  000.027: inits 3
023.749  002.042: reading ShaDa
023.805  000.056: opening buffers
023.808  000.003: BufEnter autocommands
023.811  000.003: editing files in windows
023.820  000.010: --- NVIM STARTED ---

